# JRE version: OpenJDK Runtime Environment (8.0_212-b04) (build 1.8.0_212-release-1586-b04)
# Java VM: OpenJDK 64-Bit Server VM (25.212-b04 mixed mode windows-amd64 compressed oops)
Heap:
 PSYoungGen      total 446464K, used 44009K [0x00000000e0000000, 0x0000000100000000, 0x0000000100000000)
  eden space 402432K, 0% used [0x00000000e0000000,0x00000000e0000000,0x00000000f8900000)
  from space 44032K, 99% used [0x00000000fd180000,0x00000000ffc7a648,0x00000000ffc80000)
  to   space 60928K, 0% used [0x00000000f8900000,0x00000000f8900000,0x00000000fc480000)
 ParOldGen       total 394752K, used 385016K [0x00000000a0000000, 0x00000000b8180000, 0x00000000e0000000)
  object space 394752K, 97% used [0x00000000a0000000,0x00000000b77fe2e8,0x00000000b8180000)
 Metaspace       used 175900K, capacity 187726K, committed 187904K, reserved 1212416K
  class space    used 22252K, capacity 24297K, committed 24320K, reserved 1048576K
GC Heap History (10 events):
Event: 9772.835 GC heap after
Heap after GC invocations=82 (full 6):
 PSYoungGen      total 466944K, used 6176K [0x00000000e0000000, 0x00000000ff980000, 0x0000000100000000)
  eden space 415744K, 0% used [0x00000000e0000000,0x00000000e0000000,0x00000000f9600000)
  from space 51200K, 12% used [0x00000000fc780000,0x00000000fcd88000,0x00000000ff980000)
  to   space 50688K, 0% used [0x00000000f9600000,0x00000000f9600000,0x00000000fc780000)
 ParOldGen       total 394752K, used 338997K [0x00000000a0000000, 0x00000000b8180000, 0x00000000e0000000)
  object space 394752K, 85% used [0x00000000a0000000,0x00000000b4b0d4f0,0x00000000b8180000)
 Metaspace       used 175804K, capacity 187612K, committed 187648K, reserved 1212416K
  class space    used 22248K, capacity 24290K, committed 24320K, reserved 1048576K
}
Event: 9773.315 GC heap before
{Heap before GC invocations=83 (full 6):
 PSYoungGen      total 466944K, used 421920K [0x00000000e0000000, 0x00000000ff980000, 0x0000000100000000)
  eden space 415744K, 100% used [0x00000000e0000000,0x00000000f9600000,0x00000000f9600000)
  from space 51200K, 12% used [0x00000000fc780000,0x00000000fcd88000,0x00000000ff980000)
  to   space 50688K, 0% used [0x00000000f9600000,0x00000000f9600000,0x00000000fc780000)
 ParOldGen       total 394752K, used 338997K [0x00000000a0000000, 0x00000000b8180000, 0x00000000e0000000)
  object space 394752K, 85% used [0x00000000a0000000,0x00000000b4b0d4f0,0x00000000b8180000)
 Metaspace       used 175806K, capacity 187612K, committed 187648K, reserved 1212416K
  class space    used 22248K, capacity 24290K, committed 24320K, reserved 1048576K
Event: 9773.337 GC heap after
Heap after GC invocations=83 (full 6):
 PSYoungGen      total 466432K, used 16573K [0x00000000e0000000, 0x00000000ffa80000, 0x0000000100000000)
  eden space 415744K, 0% used [0x00000000e0000000,0x00000000e0000000,0x00000000f9600000)
  from space 50688K, 32% used [0x00000000f9600000,0x00000000fa62f570,0x00000000fc780000)
  to   space 48128K, 0% used [0x00000000fcb80000,0x00000000fcb80000,0x00000000ffa80000)
 ParOldGen       total 394752K, used 344077K [0x00000000a0000000, 0x00000000b8180000, 0x00000000e0000000)
  object space 394752K, 87% used [0x00000000a0000000,0x00000000b50034f0,0x00000000b8180000)
 Metaspace       used 175806K, capacity 187612K, committed 187648K, reserved 1212416K
  class space    used 22248K, capacity 24290K, committed 24320K, reserved 1048576K
}
Event: 9773.833 GC heap before
{Heap before GC invocations=84 (full 6):
 PSYoungGen      total 466432K, used 432317K [0x00000000e0000000, 0x00000000ffa80000, 0x0000000100000000)
  eden space 415744K, 100% used [0x00000000e0000000,0x00000000f9600000,0x00000000f9600000)
  from space 50688K, 32% used [0x00000000f9600000,0x00000000fa62f570,0x00000000fc780000)
  to   space 48128K, 0% used [0x00000000fcb80000,0x00000000fcb80000,0x00000000ffa80000)
 ParOldGen       total 394752K, used 344077K [0x00000000a0000000, 0x00000000b8180000, 0x00000000e0000000)
  object space 394752K, 87% used [0x00000000a0000000,0x00000000b50034f0,0x00000000b8180000)
 Metaspace       used 175809K, capacity 187612K, committed 187648K, reserved 1212416K
  class space    used 22248K, capacity 24290K, committed 24320K, reserved 1048576K
Event: 9773.856 GC heap after
Heap after GC invocations=84 (full 6):
 PSYoungGen      total 471040K, used 9003K [0x00000000e0000000, 0x00000000ff880000, 0x0000000100000000)
  eden space 424960K, 0% used [0x00000000e0000000,0x00000000e0000000,0x00000000f9f00000)
  from space 46080K, 19% used [0x00000000fcb80000,0x00000000fd44ad48,0x00000000ff880000)
  to   space 45568K, 0% used [0x00000000f9f00000,0x00000000f9f00000,0x00000000fcb80000)
 ParOldGen       total 394752K, used 357794K [0x00000000a0000000, 0x00000000b8180000, 0x00000000e0000000)
  object space 394752K, 90% used [0x00000000a0000000,0x00000000b5d68af0,0x00000000b8180000)
 Metaspace       used 175809K, capacity 187612K, committed 187648K, reserved 1212416K
  class space    used 22248K, capacity 24290K, committed 24320K, reserved 1048576K
}
Event: 9774.373 GC heap before
{Heap before GC invocations=85 (full 6):
 PSYoungGen      total 471040K, used 433963K [0x00000000e0000000, 0x00000000ff880000, 0x0000000100000000)
  eden space 424960K, 100% used [0x00000000e0000000,0x00000000f9f00000,0x00000000f9f00000)
  from space 46080K, 19% used [0x00000000fcb80000,0x00000000fd44ad48,0x00000000ff880000)
  to   space 45568K, 0% used [0x00000000f9f00000,0x00000000f9f00000,0x00000000fcb80000)
 ParOldGen       total 394752K, used 357794K [0x00000000a0000000, 0x00000000b8180000, 0x00000000e0000000)
  object space 394752K, 90% used [0x00000000a0000000,0x00000000b5d68af0,0x00000000b8180000)
 Metaspace       used 175834K, capacity 187642K, committed 187904K, reserved 1212416K
  class space    used 22250K, capacity 24295K, committed 24320K, reserved 1048576K
Event: 9774.388 GC heap after
Heap after GC invocations=85 (full 6):
 PSYoungGen      total 470528K, used 5453K [0x00000000e0000000, 0x00000000ffc80000, 0x0000000100000000)
  eden space 424960K, 0% used [0x00000000e0000000,0x00000000e0000000,0x00000000f9f00000)
  from space 45568K, 11% used [0x00000000f9f00000,0x00000000fa453778,0x00000000fcb80000)
  to   space 44032K, 0% used [0x00000000fd180000,0x00000000fd180000,0x00000000ffc80000)
 ParOldGen       total 394752K, used 362373K [0x00000000a0000000, 0x00000000b8180000, 0x00000000e0000000)
  object space 394752K, 91% used [0x00000000a0000000,0x00000000b61e14e0,0x00000000b8180000)
 Metaspace       used 175834K, capacity 187642K, committed 187904K, reserved 1212416K
  class space    used 22250K, capacity 24295K, committed 24320K, reserved 1048576K
}
Event: 9775.396 GC heap before
{Heap before GC invocations=86 (full 6):
 PSYoungGen      total 470528K, used 430413K [0x00000000e0000000, 0x00000000ffc80000, 0x0000000100000000)
  eden space 424960K, 100% used [0x00000000e0000000,0x00000000f9f00000,0x00000000f9f00000)
  from space 45568K, 11% used [0x00000000f9f00000,0x00000000fa453778,0x00000000fcb80000)
  to   space 44032K, 0% used [0x00000000fd180000,0x00000000fd180000,0x00000000ffc80000)
 ParOldGen       total 394752K, used 362373K [0x00000000a0000000, 0x00000000b8180000, 0x00000000e0000000)
  object space 394752K, 91% used [0x00000000a0000000,0x00000000b61e14e0,0x00000000b8180000)
 Metaspace       used 175900K, capacity 187726K, committed 187904K, reserved 1212416K
  class space    used 22252K, capacity 24297K, committed 24320K, reserved 1048576K
Event: 9775.467 GC heap after
Heap after GC invocations=86 (full 6):
 PSYoungGen      total 446464K, used 44009K [0x00000000e0000000, 0x0000000100000000, 0x0000000100000000)
  eden space 402432K, 0% used [0x00000000e0000000,0x00000000e0000000,0x00000000f8900000)
  from space 44032K, 99% used [0x00000000fd180000,0x00000000ffc7a648,0x00000000ffc80000)
  to   space 60928K, 0% used [0x00000000f8900000,0x00000000f8900000,0x00000000fc480000)
 ParOldGen       total 394752K, used 385016K [0x00000000a0000000, 0x00000000b8180000, 0x00000000e0000000)
  object space 394752K, 97% used [0x00000000a0000000,0x00000000b77fe2e8,0x00000000b8180000)
 Metaspace       used 175900K, capacity 187726K, committed 187904K, reserved 1212416K
  class space    used 22252K, capacity 24297K, committed 24320K, reserved 1048576K
}
Event: 9775.467 GC heap before
{Heap before GC invocations=87 (full 7):
 PSYoungGen      total 446464K, used 44009K [0x00000000e0000000, 0x0000000100000000, 0x0000000100000000)
  eden space 402432K, 0% used [0x00000000e0000000,0x00000000e0000000,0x00000000f8900000)
  from space 44032K, 99% used [0x00000000fd180000,0x00000000ffc7a648,0x00000000ffc80000)
  to   space 60928K, 0% used [0x00000000f8900000,0x00000000f8900000,0x00000000fc480000)
 ParOldGen       total 394752K, used 385016K [0x00000000a0000000, 0x00000000b8180000, 0x00000000e0000000)
  object space 394752K, 97% used [0x00000000a0000000,0x00000000b77fe2e8,0x00000000b8180000)
 Metaspace       used 175900K, capacity 187726K, committed 187904K, reserved 1212416K
  class space    used 22252K, capacity 24297K, committed 24320K, reserved 1048576K

